This file contains any messages produced by compilers while
running configure, to aid debugging if configure makes a mistake.

configure:537: checking for less
configure:569: checking for gcc
configure:646: checking whether the C compiler (gcc  ) works
configure:660: gcc -o conftest    conftest.c  1>&5
configure:680: checking whether the C compiler (gcc  ) is a cross-compiler
configure:685: checking whether we are using GNU C
configure:709: checking whether gcc accepts -g
configure:740: checking whether gcc -Wall also needs -Wno-char-subscripts
configure:776: checking whether gcc accepts -Wno-char-subscripts
configure:824: checking for gethostbyaddr
configure:913: checking for socket
configure:1002: checking for malloc
configure:1098: checking for crypt
configure:1147: checking for crypt in -lcrypt
configure:1195: checking how to run the C preprocessor
configure:1256: checking for ANSI C header files
configure:1360: checking for sys/wait.h that is POSIX.1 compatible
configure:1405: checking for fcntl.h
configure:1405: checking for sys/fcntl.h
configure:1405: checking for errno.h
configure:1405: checking for net/errno.h
configure:1405: checking for string.h
configure:1405: checking for strings.h
configure:1445: checking for limits.h
configure:1445: checking for sys/time.h
configure:1445: checking for sys/select.h
configure:1445: checking for sys/types.h
configure:1445: checking for unistd.h
configure:1485: checking for memory.h
configure:1485: checking for crypt.h
configure:1485: checking for assert.h
configure:1485: checking for arpa/telnet.h
configure:1485: checking for arpa/inet.h
configure:1525: checking for sys/stat.h
configure:1525: checking for sys/socket.h
configure:1525: checking for sys/resource.h
configure:1525: checking for netinet/in.h
configure:1525: checking for netdb.h
configure:1565: checking for signal.h
configure:1565: checking for sys/uio.h
configure:1603: checking for working const
configure:1678: checking for pid_t
configure:1711: checking for size_t
configure:1744: checking for ssize_t
configure:1777: checking whether time.h and sys/time.h may both be included
configure:1813: checking return type of signal handlers
configure:1859: checking for inet_addr
configure:1859: checking for inet_aton
configure:1919: checking if accept is prototyped
configure:1971: checking if atoi is prototyped
configure:2023: checking if atol is prototyped
configure:2075: checking if bind is prototyped
configure:2127: checking if bzero is prototyped
configure:2179: checking if chdir is prototyped
configure:2231: checking if close is prototyped
configure:2283: checking if crypt is prototyped
configure:2335: checking if fclose is prototyped
configure:2387: checking if fcntl is prototyped
configure:2439: checking if fflush is prototyped
configure:2491: checking if fprintf is prototyped
configure:2543: checking if fputc is prototyped
configure:2595: checking if fputs is prototyped
configure:2647: checking if fread is prototyped
configure:2699: checking if fscanf is prototyped
configure:2751: checking if fseek is prototyped
configure:2803: checking if fwrite is prototyped
configure:2855: checking if getpeername is prototyped
configure:2907: checking if getpid is prototyped
configure:2959: checking if getrlimit is prototyped
configure:3011: checking if getsockname is prototyped
configure:3063: checking if gettimeofday is prototyped
configure:3115: checking if htonl is prototyped
configure:3167: checking if htons is prototyped
configure:3219: checking if inet_addr is prototyped
configure:3271: checking if inet_aton is prototyped
configure:3323: checking if inet_ntoa is prototyped
configure:3375: checking if listen is prototyped
configure:3427: checking if ntohl is prototyped
configure:3479: checking if perror is prototyped
configure:3531: checking if printf is prototyped
configure:3583: checking if qsort is prototyped
configure:3635: checking if read is prototyped
configure:3687: checking if rewind is prototyped
configure:3739: checking if select is prototyped
configure:3791: checking if setitimer is prototyped
configure:3843: checking if setrlimit is prototyped
configure:3895: checking if setsockopt is prototyped
configure:3947: checking if socket is prototyped
configure:3999: checking if sprintf is prototyped
configure:4051: checking if sscanf is prototyped
configure:4103: checking if system is prototyped
configure:4155: checking if time is prototyped
configure:4207: checking if unlink is prototyped
configure:4259: checking if write is prototyped
